<?xml version='1.0' encoding='UTF-8'?>
<testsuite hostname="Dhirendras-MacBook-Pro.local" name="parser.CsvParserSpec" tests="1" errors="0" failures="0" skipped="0" time="0.134" timestamp="2022-07-22T15:54:13">
          <properties>
[...]
</properties>
          <testcase classname="parser.CsvParserSpec" name="CsvParser should Parse The Csv file successfully" time="0.134">
                      
                    </testcase>
          <system-out><![CDATA[]]></system-out>
          <system-err><![CDATA[]]></system-err>
        </testsuite>